/home/sc.uni-leipzig.de/fl53wumy/.conda/envs/dpa/lib/python3.13/site-packages/zarr/api/asynchronous.py:244: ZarrUserWarning: Consolidated metadata is currently not part in the Zarr format 3 specification. It may not be supported by other zarr implementations and may change in the future.
  warnings.warn(
device: cpu
torch.Size([128000, 1024])
torch.Size([64000, 1024])
z500 dataset shape (476900, 1001)
z500 shape torch.Size([476900, 1001])
device: cpu
DPA model created
Now loading DPA ensemble
Tensor list length: 100
Tensor list elements shape: torch.Size([64000, 1024])
<xarray.Dataset> Size: 26GB
Dimensions:          (ensemble_member: 100, time: 64000, lat: 32, lon: 32)
Coordinates:
  * ensemble_member  (ensemble_member) int64 800B 1 2 3 4 5 ... 96 97 98 99 100
  * time             (time) object 512kB 1995-07-27 00:00:00 ... 2100-08-31 0...
  * lat              (lat) float64 256B 34.4 35.34 36.28 ... 61.73 62.67 63.61
  * lon              (lon) float64 256B -11.25 -10.0 -8.75 ... 25.0 26.25 27.5
Data variables:
    TREFHT           (ensemble_member, time, lat, lon) float32 26GB nan ... 1...
